2019-06-04 19:27:03.636 [main] INFO  o.s.c.a.AnnotationConfigApplicationContext - Refreshing org.springframework.context.annotation.AnnotationConfigApplicationContext@a514af7: startup date [Tue Jun 04 19:27:03 CST 2019]; root of context hierarchy
2019-06-04 19:27:03.988 [main] INFO  o.s.b.f.a.AutowiredAnnotationBeanPostProcessor - JSR-330 'javax.inject.Inject' annotation found and supported for autowiring
2019-06-04 19:27:04.049 [main] INFO  o.s.c.s.PostProcessorRegistrationDelegate$BeanPostProcessorChecker - Bean 'configurationPropertiesRebinderAutoConfiguration' of type [org.springframework.cloud.autoconfigure.ConfigurationPropertiesRebinderAutoConfiguration$$EnhancerBySpringCGLIB$$d12ac107] is not eligible for getting processed by all BeanPostProcessors (for example: not eligible for auto-proxying)
2019-06-04 19:27:04.073 [background-preinit] INFO  org.hibernate.validator.internal.util.Version - HV000001: Hibernate Validator 5.3.6.Final
2019-06-04 19:27:05.640 [main] INFO  o.s.c.c.client.ConfigServicePropertySourceLocator - Fetching config from server at: http://localhost:8888
2019-06-04 19:27:06.727 [main] WARN  o.s.c.c.client.ConfigServicePropertySourceLocator - Could not locate PropertySource: I/O error on GET request for "http://localhost:8888/eureka-provider/default": Connection refused: connect; nested exception is java.net.ConnectException: Connection refused: connect
2019-06-04 19:27:06.729 [main] INFO  com.serendipity.EurekaApplication - No active profile set, falling back to default profiles: default
2019-06-04 19:27:06.747 [main] INFO  o.s.b.c.e.AnnotationConfigEmbeddedWebApplicationContext - Refreshing org.springframework.boot.context.embedded.AnnotationConfigEmbeddedWebApplicationContext@4b2a01d4: startup date [Tue Jun 04 19:27:06 CST 2019]; parent: org.springframework.context.annotation.AnnotationConfigApplicationContext@a514af7
2019-06-04 19:27:07.266 [main] INFO  o.springframework.cloud.context.scope.GenericScope - BeanFactory id=6035b794-b44b-3e9a-b9b9-224fda2ac483
2019-06-04 19:27:07.277 [main] INFO  o.s.b.f.a.AutowiredAnnotationBeanPostProcessor - JSR-330 'javax.inject.Inject' annotation found and supported for autowiring
2019-06-04 19:27:07.321 [main] INFO  o.s.c.s.PostProcessorRegistrationDelegate$BeanPostProcessorChecker - Bean 'org.springframework.cloud.autoconfigure.ConfigurationPropertiesRebinderAutoConfiguration' of type [org.springframework.cloud.autoconfigure.ConfigurationPropertiesRebinderAutoConfiguration$$EnhancerBySpringCGLIB$$d12ac107] is not eligible for getting processed by all BeanPostProcessors (for example: not eligible for auto-proxying)
2019-06-04 19:27:07.841 [main] INFO  o.s.b.c.e.tomcat.TomcatEmbeddedServletContainer - Tomcat initialized with port(s): 9091 (http)
2019-06-04 19:27:07.865 [main] INFO  org.apache.coyote.http11.Http11NioProtocol - Initializing ProtocolHandler ["http-nio-9091"]
2019-06-04 19:27:07.880 [main] INFO  org.apache.catalina.core.StandardService - Starting service [Tomcat]
2019-06-04 19:27:07.881 [main] INFO  org.apache.catalina.core.StandardEngine - Starting Servlet Engine: Apache Tomcat/8.5.31
2019-06-04 19:27:08.013 [localhost-startStop-1] INFO  o.a.c.core.ContainerBase.[Tomcat].[localhost].[/] - Initializing Spring embedded WebApplicationContext
2019-06-04 19:27:08.014 [localhost-startStop-1] INFO  org.springframework.web.context.ContextLoader - Root WebApplicationContext: initialization completed in 1267 ms
2019-06-04 19:27:08.150 [localhost-startStop-1] INFO  o.s.boot.web.servlet.ServletRegistrationBean - Mapping servlet: 'dispatcherServlet' to [/]
2019-06-04 19:27:08.153 [localhost-startStop-1] INFO  o.s.boot.web.servlet.FilterRegistrationBean - Mapping filter: 'characterEncodingFilter' to: [/*]
2019-06-04 19:27:08.154 [localhost-startStop-1] INFO  o.s.boot.web.servlet.FilterRegistrationBean - Mapping filter: 'hiddenHttpMethodFilter' to: [/*]
2019-06-04 19:27:08.154 [localhost-startStop-1] INFO  o.s.boot.web.servlet.FilterRegistrationBean - Mapping filter: 'httpPutFormContentFilter' to: [/*]
2019-06-04 19:27:08.154 [localhost-startStop-1] INFO  o.s.boot.web.servlet.FilterRegistrationBean - Mapping filter: 'requestContextFilter' to: [/*]
2019-06-04 19:27:09.461 [main] INFO  org.springframework.cloud.commons.util.InetUtils - Cannot determine local hostname
2019-06-04 19:27:09.677 [main] WARN  com.netflix.config.sources.URLConfigurationSource - No URLs will be polled as dynamic configuration sources.
2019-06-04 19:27:09.678 [main] INFO  com.netflix.config.sources.URLConfigurationSource - To enable URLs as dynamic configuration sources, define System property archaius.configurationSource.additionalUrls or make config.properties available on classpath.
2019-06-04 19:27:09.688 [main] WARN  com.netflix.config.sources.URLConfigurationSource - No URLs will be polled as dynamic configuration sources.
2019-06-04 19:27:09.688 [main] INFO  com.netflix.config.sources.URLConfigurationSource - To enable URLs as dynamic configuration sources, define System property archaius.configurationSource.additionalUrls or make config.properties available on classpath.
2019-06-04 19:27:09.953 [main] INFO  o.s.w.s.m.m.a.RequestMappingHandlerAdapter - Looking for @ControllerAdvice: org.springframework.boot.context.embedded.AnnotationConfigEmbeddedWebApplicationContext@4b2a01d4: startup date [Tue Jun 04 19:27:06 CST 2019]; parent: org.springframework.context.annotation.AnnotationConfigApplicationContext@a514af7
2019-06-04 19:27:10.042 [main] INFO  o.s.w.s.m.m.a.RequestMappingHandlerMapping - Mapped "{[/user]}" onto public java.util.List<com.serendipity.pojo.User> com.serendipity.controller.UsersController.getUsers()
2019-06-04 19:27:10.047 [main] INFO  o.s.w.s.m.m.a.RequestMappingHandlerMapping - Mapped "{[/error]}" onto public org.springframework.http.ResponseEntity<java.util.Map<java.lang.String, java.lang.Object>> org.springframework.boot.autoconfigure.web.BasicErrorController.error(javax.servlet.http.HttpServletRequest)
2019-06-04 19:27:10.048 [main] INFO  o.s.w.s.m.m.a.RequestMappingHandlerMapping - Mapped "{[/error],produces=[text/html]}" onto public org.springframework.web.servlet.ModelAndView org.springframework.boot.autoconfigure.web.BasicErrorController.errorHtml(javax.servlet.http.HttpServletRequest,javax.servlet.http.HttpServletResponse)
2019-06-04 19:27:10.091 [main] INFO  o.s.web.servlet.handler.SimpleUrlHandlerMapping - Mapped URL path [/webjars/**] onto handler of type [class org.springframework.web.servlet.resource.ResourceHttpRequestHandler]
2019-06-04 19:27:10.091 [main] INFO  o.s.web.servlet.handler.SimpleUrlHandlerMapping - Mapped URL path [/**] onto handler of type [class org.springframework.web.servlet.resource.ResourceHttpRequestHandler]
2019-06-04 19:27:10.135 [main] INFO  o.s.web.servlet.handler.SimpleUrlHandlerMapping - Mapped URL path [/**/favicon.ico] onto handler of type [class org.springframework.web.servlet.resource.ResourceHttpRequestHandler]
2019-06-04 19:27:10.595 [main] INFO  o.s.jmx.export.annotation.AnnotationMBeanExporter - Registering beans for JMX exposure on startup
2019-06-04 19:27:10.604 [main] INFO  o.s.jmx.export.annotation.AnnotationMBeanExporter - Bean with name 'environmentManager' has been autodetected for JMX exposure
2019-06-04 19:27:10.606 [main] INFO  o.s.jmx.export.annotation.AnnotationMBeanExporter - Bean with name 'configurationPropertiesRebinder' has been autodetected for JMX exposure
2019-06-04 19:27:10.607 [main] INFO  o.s.jmx.export.annotation.AnnotationMBeanExporter - Bean with name 'refreshScope' has been autodetected for JMX exposure
2019-06-04 19:27:10.610 [main] INFO  o.s.jmx.export.annotation.AnnotationMBeanExporter - Located managed bean 'environmentManager': registering with JMX server as MBean [org.springframework.cloud.context.environment:name=environmentManager,type=EnvironmentManager]
2019-06-04 19:27:10.635 [main] INFO  o.s.jmx.export.annotation.AnnotationMBeanExporter - Located managed bean 'refreshScope': registering with JMX server as MBean [org.springframework.cloud.context.scope.refresh:name=refreshScope,type=RefreshScope]
2019-06-04 19:27:10.648 [main] INFO  o.s.jmx.export.annotation.AnnotationMBeanExporter - Located managed bean 'configurationPropertiesRebinder': registering with JMX server as MBean [org.springframework.cloud.context.properties:name=configurationPropertiesRebinder,context=4b2a01d4,type=ConfigurationPropertiesRebinder]
2019-06-04 19:27:10.776 [main] INFO  o.s.context.support.DefaultLifecycleProcessor - Starting beans in phase 0
2019-06-04 19:27:10.790 [main] INFO  o.s.cloud.netflix.eureka.InstanceInfoFactory - Setting initial instance status as: STARTING
2019-06-04 19:27:10.850 [main] INFO  com.netflix.discovery.DiscoveryClient - Initializing Eureka in region us-east-1
2019-06-04 19:27:11.420 [main] INFO  c.n.discovery.provider.DiscoveryJerseyProvider - Using JSON encoding codec LegacyJacksonJson
2019-06-04 19:27:11.420 [main] INFO  c.n.discovery.provider.DiscoveryJerseyProvider - Using JSON decoding codec LegacyJacksonJson
2019-06-04 19:27:11.552 [main] INFO  c.n.discovery.provider.DiscoveryJerseyProvider - Using XML encoding codec XStreamXml
2019-06-04 19:27:11.553 [main] INFO  c.n.discovery.provider.DiscoveryJerseyProvider - Using XML decoding codec XStreamXml
2019-06-04 19:27:11.800 [main] INFO  c.n.d.shared.resolver.aws.ConfigClusterResolver - Resolving eureka endpoints via configuration
2019-06-04 19:27:11.994 [main] INFO  com.netflix.discovery.DiscoveryClient - Disable delta property : false
2019-06-04 19:27:11.995 [main] INFO  com.netflix.discovery.DiscoveryClient - Single vip registry refresh property : null
2019-06-04 19:27:11.995 [main] INFO  com.netflix.discovery.DiscoveryClient - Force full registry fetch : false
2019-06-04 19:27:11.995 [main] INFO  com.netflix.discovery.DiscoveryClient - Application is null : false
2019-06-04 19:27:11.995 [main] INFO  com.netflix.discovery.DiscoveryClient - Registered Applications size is zero : true
2019-06-04 19:27:11.996 [main] INFO  com.netflix.discovery.DiscoveryClient - Application version is -1: true
2019-06-04 19:27:11.996 [main] INFO  com.netflix.discovery.DiscoveryClient - Getting all instance registry info from the eureka server
2019-06-04 19:27:12.192 [main] INFO  com.netflix.discovery.DiscoveryClient - The response status is 200
2019-06-04 19:27:12.196 [main] INFO  com.netflix.discovery.DiscoveryClient - Starting heartbeat executor: renew interval is: 30
2019-06-04 19:27:12.201 [main] INFO  com.netflix.discovery.InstanceInfoReplicator - InstanceInfoReplicator onDemand update allowed rate per min is 4
2019-06-04 19:27:12.203 [main] INFO  com.netflix.discovery.DiscoveryClient - Discovery Client initialized at timestamp 1559647632203 with initial instances count: 3
2019-06-04 19:27:12.230 [main] INFO  o.s.c.n.e.serviceregistry.EurekaServiceRegistry - Registering application eureka-provider with eureka with status UP
2019-06-04 19:27:12.231 [main] INFO  com.netflix.discovery.DiscoveryClient - Saw local status change event StatusChangeEvent [timestamp=1559647632231, current=UP, previous=STARTING]
2019-06-04 19:27:12.233 [DiscoveryClient-InstanceInfoReplicator-0] INFO  com.netflix.discovery.DiscoveryClient - DiscoveryClient_EUREKA-PROVIDER/localhost:eureka-provider:9091: registering service...
2019-06-04 19:27:12.245 [main] INFO  org.apache.coyote.http11.Http11NioProtocol - Starting ProtocolHandler ["http-nio-9091"]
2019-06-04 19:27:12.272 [main] INFO  org.apache.tomcat.util.net.NioSelectorPool - Using a shared selector for servlet write/read
2019-06-04 19:27:12.281 [DiscoveryClient-InstanceInfoReplicator-0] INFO  com.netflix.discovery.DiscoveryClient - DiscoveryClient_EUREKA-PROVIDER/localhost:eureka-provider:9091 - registration status: 204
2019-06-04 19:27:12.293 [main] INFO  o.s.b.c.e.tomcat.TomcatEmbeddedServletContainer - Tomcat started on port(s): 9091 (http)
2019-06-04 19:27:12.294 [main] INFO  o.s.c.n.e.s.EurekaAutoServiceRegistration - Updating port to 9091
2019-06-04 19:27:12.299 [main] INFO  com.serendipity.EurekaApplication - Started EurekaApplication in 10.242 seconds (JVM running for 10.916)
2019-06-04 19:32:12.000 [AsyncResolver-bootstrap-executor-0] INFO  c.n.d.shared.resolver.aws.ConfigClusterResolver - Resolving eureka endpoints via configuration
2019-06-04 19:37:12.003 [AsyncResolver-bootstrap-executor-0] INFO  c.n.d.shared.resolver.aws.ConfigClusterResolver - Resolving eureka endpoints via configuration
2019-06-04 20:00:16.973 [main] INFO  o.s.c.a.AnnotationConfigApplicationContext - Refreshing org.springframework.context.annotation.AnnotationConfigApplicationContext@a514af7: startup date [Tue Jun 04 20:00:16 CST 2019]; root of context hierarchy
2019-06-04 20:00:17.287 [main] INFO  o.s.b.f.a.AutowiredAnnotationBeanPostProcessor - JSR-330 'javax.inject.Inject' annotation found and supported for autowiring
2019-06-04 20:00:17.304 [background-preinit] INFO  org.hibernate.validator.internal.util.Version - HV000001: Hibernate Validator 5.3.6.Final
2019-06-04 20:00:17.337 [main] INFO  o.s.c.s.PostProcessorRegistrationDelegate$BeanPostProcessorChecker - Bean 'configurationPropertiesRebinderAutoConfiguration' of type [org.springframework.cloud.autoconfigure.ConfigurationPropertiesRebinderAutoConfiguration$$EnhancerBySpringCGLIB$$d12ac107] is not eligible for getting processed by all BeanPostProcessors (for example: not eligible for auto-proxying)
2019-06-04 20:00:18.884 [main] INFO  o.s.c.c.client.ConfigServicePropertySourceLocator - Fetching config from server at: http://localhost:8888
2019-06-04 20:00:19.976 [main] WARN  o.s.c.c.client.ConfigServicePropertySourceLocator - Could not locate PropertySource: I/O error on GET request for "http://localhost:8888/eureka-consumer/default": Connection refused: connect; nested exception is java.net.ConnectException: Connection refused: connect
2019-06-04 20:00:19.978 [main] INFO  com.serendipity.EurekaApplication - No active profile set, falling back to default profiles: default
2019-06-04 20:00:19.989 [main] INFO  o.s.b.c.e.AnnotationConfigEmbeddedWebApplicationContext - Refreshing org.springframework.boot.context.embedded.AnnotationConfigEmbeddedWebApplicationContext@4b2a01d4: startup date [Tue Jun 04 20:00:19 CST 2019]; parent: org.springframework.context.annotation.AnnotationConfigApplicationContext@a514af7
2019-06-04 20:00:20.496 [main] INFO  o.springframework.cloud.context.scope.GenericScope - BeanFactory id=6035b794-b44b-3e9a-b9b9-224fda2ac483
2019-06-04 20:00:20.512 [main] INFO  o.s.b.f.a.AutowiredAnnotationBeanPostProcessor - JSR-330 'javax.inject.Inject' annotation found and supported for autowiring
2019-06-04 20:00:20.556 [main] INFO  o.s.c.s.PostProcessorRegistrationDelegate$BeanPostProcessorChecker - Bean 'org.springframework.cloud.autoconfigure.ConfigurationPropertiesRebinderAutoConfiguration' of type [org.springframework.cloud.autoconfigure.ConfigurationPropertiesRebinderAutoConfiguration$$EnhancerBySpringCGLIB$$d12ac107] is not eligible for getting processed by all BeanPostProcessors (for example: not eligible for auto-proxying)
2019-06-04 20:00:20.972 [main] INFO  o.s.b.c.e.tomcat.TomcatEmbeddedServletContainer - Tomcat initialized with port(s): 9091 (http)
2019-06-04 20:00:20.992 [main] INFO  org.apache.coyote.http11.Http11NioProtocol - Initializing ProtocolHandler ["http-nio-9091"]
2019-06-04 20:00:21.002 [main] INFO  org.apache.catalina.core.StandardService - Starting service [Tomcat]
2019-06-04 20:00:21.002 [main] INFO  org.apache.catalina.core.StandardEngine - Starting Servlet Engine: Apache Tomcat/8.5.31
2019-06-04 20:00:21.152 [localhost-startStop-1] INFO  o.a.c.core.ContainerBase.[Tomcat].[localhost].[/] - Initializing Spring embedded WebApplicationContext
2019-06-04 20:00:21.153 [localhost-startStop-1] INFO  org.springframework.web.context.ContextLoader - Root WebApplicationContext: initialization completed in 1164 ms
2019-06-04 20:00:21.277 [localhost-startStop-1] INFO  o.s.boot.web.servlet.ServletRegistrationBean - Mapping servlet: 'dispatcherServlet' to [/]
2019-06-04 20:00:21.281 [localhost-startStop-1] INFO  o.s.boot.web.servlet.FilterRegistrationBean - Mapping filter: 'characterEncodingFilter' to: [/*]
2019-06-04 20:00:21.281 [localhost-startStop-1] INFO  o.s.boot.web.servlet.FilterRegistrationBean - Mapping filter: 'hiddenHttpMethodFilter' to: [/*]
2019-06-04 20:00:21.282 [localhost-startStop-1] INFO  o.s.boot.web.servlet.FilterRegistrationBean - Mapping filter: 'httpPutFormContentFilter' to: [/*]
2019-06-04 20:00:21.282 [localhost-startStop-1] INFO  o.s.boot.web.servlet.FilterRegistrationBean - Mapping filter: 'requestContextFilter' to: [/*]
2019-06-04 20:00:22.598 [main] INFO  org.springframework.cloud.commons.util.InetUtils - Cannot determine local hostname
2019-06-04 20:00:22.798 [main] WARN  com.netflix.config.sources.URLConfigurationSource - No URLs will be polled as dynamic configuration sources.
2019-06-04 20:00:22.799 [main] INFO  com.netflix.config.sources.URLConfigurationSource - To enable URLs as dynamic configuration sources, define System property archaius.configurationSource.additionalUrls or make config.properties available on classpath.
2019-06-04 20:00:22.806 [main] WARN  com.netflix.config.sources.URLConfigurationSource - No URLs will be polled as dynamic configuration sources.
2019-06-04 20:00:22.806 [main] INFO  com.netflix.config.sources.URLConfigurationSource - To enable URLs as dynamic configuration sources, define System property archaius.configurationSource.additionalUrls or make config.properties available on classpath.
2019-06-04 20:00:23.016 [main] INFO  o.s.w.s.m.m.a.RequestMappingHandlerAdapter - Looking for @ControllerAdvice: org.springframework.boot.context.embedded.AnnotationConfigEmbeddedWebApplicationContext@4b2a01d4: startup date [Tue Jun 04 20:00:19 CST 2019]; parent: org.springframework.context.annotation.AnnotationConfigApplicationContext@a514af7
2019-06-04 20:00:23.097 [main] INFO  o.s.w.s.m.m.a.RequestMappingHandlerMapping - Mapped "{[/consumer]}" onto public java.util.List<com.serendipity.pojo.User> com.serendipity.controller.UsersController.getUsers()
2019-06-04 20:00:23.102 [main] INFO  o.s.w.s.m.m.a.RequestMappingHandlerMapping - Mapped "{[/error]}" onto public org.springframework.http.ResponseEntity<java.util.Map<java.lang.String, java.lang.Object>> org.springframework.boot.autoconfigure.web.BasicErrorController.error(javax.servlet.http.HttpServletRequest)
2019-06-04 20:00:23.102 [main] INFO  o.s.w.s.m.m.a.RequestMappingHandlerMapping - Mapped "{[/error],produces=[text/html]}" onto public org.springframework.web.servlet.ModelAndView org.springframework.boot.autoconfigure.web.BasicErrorController.errorHtml(javax.servlet.http.HttpServletRequest,javax.servlet.http.HttpServletResponse)
2019-06-04 20:00:23.147 [main] INFO  o.s.web.servlet.handler.SimpleUrlHandlerMapping - Mapped URL path [/webjars/**] onto handler of type [class org.springframework.web.servlet.resource.ResourceHttpRequestHandler]
2019-06-04 20:00:23.147 [main] INFO  o.s.web.servlet.handler.SimpleUrlHandlerMapping - Mapped URL path [/**] onto handler of type [class org.springframework.web.servlet.resource.ResourceHttpRequestHandler]
2019-06-04 20:00:23.199 [main] INFO  o.s.web.servlet.handler.SimpleUrlHandlerMapping - Mapped URL path [/**/favicon.ico] onto handler of type [class org.springframework.web.servlet.resource.ResourceHttpRequestHandler]
2019-06-04 20:00:23.600 [main] INFO  o.s.jmx.export.annotation.AnnotationMBeanExporter - Registering beans for JMX exposure on startup
2019-06-04 20:00:23.612 [main] INFO  o.s.jmx.export.annotation.AnnotationMBeanExporter - Bean with name 'environmentManager' has been autodetected for JMX exposure
2019-06-04 20:00:23.613 [main] INFO  o.s.jmx.export.annotation.AnnotationMBeanExporter - Bean with name 'configurationPropertiesRebinder' has been autodetected for JMX exposure
2019-06-04 20:00:23.614 [main] INFO  o.s.jmx.export.annotation.AnnotationMBeanExporter - Bean with name 'refreshScope' has been autodetected for JMX exposure
2019-06-04 20:00:23.616 [main] INFO  o.s.jmx.export.annotation.AnnotationMBeanExporter - Located managed bean 'environmentManager': registering with JMX server as MBean [org.springframework.cloud.context.environment:name=environmentManager,type=EnvironmentManager]
2019-06-04 20:00:23.631 [main] INFO  o.s.jmx.export.annotation.AnnotationMBeanExporter - Located managed bean 'refreshScope': registering with JMX server as MBean [org.springframework.cloud.context.scope.refresh:name=refreshScope,type=RefreshScope]
2019-06-04 20:00:23.642 [main] INFO  o.s.jmx.export.annotation.AnnotationMBeanExporter - Located managed bean 'configurationPropertiesRebinder': registering with JMX server as MBean [org.springframework.cloud.context.properties:name=configurationPropertiesRebinder,context=4b2a01d4,type=ConfigurationPropertiesRebinder]
2019-06-04 20:00:23.766 [main] INFO  o.s.context.support.DefaultLifecycleProcessor - Starting beans in phase 0
2019-06-04 20:00:23.776 [main] INFO  o.s.cloud.netflix.eureka.InstanceInfoFactory - Setting initial instance status as: STARTING
2019-06-04 20:00:23.842 [main] INFO  com.netflix.discovery.DiscoveryClient - Initializing Eureka in region us-east-1
2019-06-04 20:00:24.341 [main] INFO  c.n.discovery.provider.DiscoveryJerseyProvider - Using JSON encoding codec LegacyJacksonJson
2019-06-04 20:00:24.341 [main] INFO  c.n.discovery.provider.DiscoveryJerseyProvider - Using JSON decoding codec LegacyJacksonJson
2019-06-04 20:00:24.451 [main] INFO  c.n.discovery.provider.DiscoveryJerseyProvider - Using XML encoding codec XStreamXml
2019-06-04 20:00:24.451 [main] INFO  c.n.discovery.provider.DiscoveryJerseyProvider - Using XML decoding codec XStreamXml
2019-06-04 20:00:24.720 [main] INFO  c.n.d.shared.resolver.aws.ConfigClusterResolver - Resolving eureka endpoints via configuration
2019-06-04 20:00:24.895 [main] INFO  com.netflix.discovery.DiscoveryClient - Disable delta property : false
2019-06-04 20:00:24.896 [main] INFO  com.netflix.discovery.DiscoveryClient - Single vip registry refresh property : null
2019-06-04 20:00:24.896 [main] INFO  com.netflix.discovery.DiscoveryClient - Force full registry fetch : false
2019-06-04 20:00:24.896 [main] INFO  com.netflix.discovery.DiscoveryClient - Application is null : false
2019-06-04 20:00:24.896 [main] INFO  com.netflix.discovery.DiscoveryClient - Registered Applications size is zero : true
2019-06-04 20:00:24.896 [main] INFO  com.netflix.discovery.DiscoveryClient - Application version is -1: true
2019-06-04 20:00:24.896 [main] INFO  com.netflix.discovery.DiscoveryClient - Getting all instance registry info from the eureka server
2019-06-04 20:00:25.042 [main] INFO  com.netflix.discovery.DiscoveryClient - The response status is 200
2019-06-04 20:00:25.043 [main] INFO  com.netflix.discovery.DiscoveryClient - Starting heartbeat executor: renew interval is: 30
2019-06-04 20:00:25.045 [main] INFO  com.netflix.discovery.InstanceInfoReplicator - InstanceInfoReplicator onDemand update allowed rate per min is 4
2019-06-04 20:00:25.049 [main] INFO  com.netflix.discovery.DiscoveryClient - Discovery Client initialized at timestamp 1559649625048 with initial instances count: 4
2019-06-04 20:00:25.082 [main] INFO  o.s.c.n.e.serviceregistry.EurekaServiceRegistry - Registering application eureka-consumer with eureka with status UP
2019-06-04 20:00:25.084 [main] INFO  com.netflix.discovery.DiscoveryClient - Saw local status change event StatusChangeEvent [timestamp=1559649625084, current=UP, previous=STARTING]
2019-06-04 20:00:25.086 [DiscoveryClient-InstanceInfoReplicator-0] INFO  com.netflix.discovery.DiscoveryClient - DiscoveryClient_EUREKA-CONSUMER/localhost:eureka-consumer:9091: registering service...
2019-06-04 20:00:25.101 [main] INFO  org.apache.coyote.http11.Http11NioProtocol - Starting ProtocolHandler ["http-nio-9091"]
2019-06-04 20:00:25.117 [main] INFO  org.apache.tomcat.util.net.NioSelectorPool - Using a shared selector for servlet write/read
2019-06-04 20:00:25.137 [main] INFO  o.s.b.c.e.tomcat.TomcatEmbeddedServletContainer - Tomcat started on port(s): 9091 (http)
2019-06-04 20:00:25.138 [main] INFO  o.s.c.n.e.s.EurekaAutoServiceRegistration - Updating port to 9091
2019-06-04 20:00:25.143 [main] INFO  com.serendipity.EurekaApplication - Started EurekaApplication in 9.784 seconds (JVM running for 10.685)
2019-06-04 20:00:25.146 [DiscoveryClient-InstanceInfoReplicator-0] INFO  com.netflix.discovery.DiscoveryClient - DiscoveryClient_EUREKA-CONSUMER/localhost:eureka-consumer:9091 - registration status: 204
2019-06-04 20:00:56.213 [http-nio-9091-exec-1] INFO  o.a.c.core.ContainerBase.[Tomcat].[localhost].[/] - Initializing Spring FrameworkServlet 'dispatcherServlet'
2019-06-04 20:00:56.213 [http-nio-9091-exec-1] INFO  org.springframework.web.servlet.DispatcherServlet - FrameworkServlet 'dispatcherServlet': initialization started
2019-06-04 20:00:56.248 [http-nio-9091-exec-1] INFO  org.springframework.web.servlet.DispatcherServlet - FrameworkServlet 'dispatcherServlet': initialization completed in 35 ms
2019-06-04 20:00:56.306 [http-nio-9091-exec-1] INFO  o.s.c.a.AnnotationConfigApplicationContext - Refreshing org.springframework.context.annotation.AnnotationConfigApplicationContext@6802b0e3: startup date [Tue Jun 04 20:00:56 CST 2019]; parent: org.springframework.boot.context.embedded.AnnotationConfigEmbeddedWebApplicationContext@4b2a01d4
2019-06-04 20:00:56.393 [http-nio-9091-exec-1] INFO  o.s.b.f.a.AutowiredAnnotationBeanPostProcessor - JSR-330 'javax.inject.Inject' annotation found and supported for autowiring
2019-06-04 20:00:56.668 [http-nio-9091-exec-1] INFO  com.netflix.config.ChainedDynamicProperty - Flipping property: eureka-provider.ribbon.ActiveConnectionsLimit to use NEXT property: niws.loadbalancer.availabilityFilteringRule.activeConnectionsLimit = 2147483647
2019-06-04 20:00:56.694 [http-nio-9091-exec-1] INFO  com.netflix.util.concurrent.ShutdownEnabledTimer - Shutdown hook installed for: NFLoadBalancer-PingTimer-eureka-provider
2019-06-04 20:00:56.735 [http-nio-9091-exec-1] INFO  com.netflix.loadbalancer.BaseLoadBalancer - Client: eureka-provider instantiated a LoadBalancer: DynamicServerListLoadBalancer:{NFLoadBalancer:name=eureka-provider,current list of Servers=[],Load balancer stats=Zone stats: {},Server stats: []}ServerList:null
2019-06-04 20:00:56.747 [http-nio-9091-exec-1] INFO  c.n.loadbalancer.DynamicServerListLoadBalancer - Using serverListUpdater PollingServerListUpdater
2019-06-04 20:00:56.793 [http-nio-9091-exec-1] INFO  com.netflix.config.ChainedDynamicProperty - Flipping property: eureka-provider.ribbon.ActiveConnectionsLimit to use NEXT property: niws.loadbalancer.availabilityFilteringRule.activeConnectionsLimit = 2147483647
2019-06-04 20:00:56.798 [http-nio-9091-exec-1] INFO  c.n.loadbalancer.DynamicServerListLoadBalancer - DynamicServerListLoadBalancer for client eureka-provider initialized: DynamicServerListLoadBalancer:{NFLoadBalancer:name=eureka-provider,current list of Servers=[localhost:9090, localhost:9091],Load balancer stats=Zone stats: {defaultzone=[Zone:defaultzone;	Instance count:2;	Active connections count: 0;	Circuit breaker tripped count: 0;	Active connections per server: 0.0;]
},Server stats: [[Server:localhost:9090;	Zone:defaultZone;	Total Requests:0;	Successive connection failure:0;	Total blackout seconds:0;	Last connection made:Thu Jan 01 08:00:00 CST 1970;	First connection made: Thu Jan 01 08:00:00 CST 1970;	Active Connections:0;	total failure count in last (1000) msecs:0;	average resp time:0.0;	90 percentile resp time:0.0;	95 percentile resp time:0.0;	min resp time:0.0;	max resp time:0.0;	stddev resp time:0.0]
, [Server:localhost:9091;	Zone:defaultZone;	Total Requests:0;	Successive connection failure:0;	Total blackout seconds:0;	Last connection made:Thu Jan 01 08:00:00 CST 1970;	First connection made: Thu Jan 01 08:00:00 CST 1970;	Active Connections:0;	total failure count in last (1000) msecs:0;	average resp time:0.0;	90 percentile resp time:0.0;	95 percentile resp time:0.0;	min resp time:0.0;	max resp time:0.0;	stddev resp time:0.0]
]}ServerList:org.springframework.cloud.netflix.ribbon.eureka.DomainExtractingServerList@788f5987
2019-06-04 20:00:57.754 [PollingServerListUpdater-0] INFO  com.netflix.config.ChainedDynamicProperty - Flipping property: eureka-provider.ribbon.ActiveConnectionsLimit to use NEXT property: niws.loadbalancer.availabilityFilteringRule.activeConnectionsLimit = 2147483647
2019-06-04 20:05:24.898 [AsyncResolver-bootstrap-executor-0] INFO  c.n.d.shared.resolver.aws.ConfigClusterResolver - Resolving eureka endpoints via configuration
2019-06-04 20:10:24.900 [AsyncResolver-bootstrap-executor-0] INFO  c.n.d.shared.resolver.aws.ConfigClusterResolver - Resolving eureka endpoints via configuration
2019-06-04 20:15:24.909 [AsyncResolver-bootstrap-executor-0] INFO  c.n.d.shared.resolver.aws.ConfigClusterResolver - Resolving eureka endpoints via configuration
2019-06-04 20:20:24.912 [AsyncResolver-bootstrap-executor-0] INFO  c.n.d.shared.resolver.aws.ConfigClusterResolver - Resolving eureka endpoints via configuration
2019-06-04 20:25:24.914 [AsyncResolver-bootstrap-executor-0] INFO  c.n.d.shared.resolver.aws.ConfigClusterResolver - Resolving eureka endpoints via configuration
2019-06-04 20:30:24.917 [AsyncResolver-bootstrap-executor-0] INFO  c.n.d.shared.resolver.aws.ConfigClusterResolver - Resolving eureka endpoints via configuration
2019-06-04 20:35:24.919 [AsyncResolver-bootstrap-executor-0] INFO  c.n.d.shared.resolver.aws.ConfigClusterResolver - Resolving eureka endpoints via configuration
2019-06-04 20:40:24.920 [AsyncResolver-bootstrap-executor-0] INFO  c.n.d.shared.resolver.aws.ConfigClusterResolver - Resolving eureka endpoints via configuration
2019-06-04 20:45:24.922 [AsyncResolver-bootstrap-executor-0] INFO  c.n.d.shared.resolver.aws.ConfigClusterResolver - Resolving eureka endpoints via configuration
2019-06-04 20:50:24.924 [AsyncResolver-bootstrap-executor-0] INFO  c.n.d.shared.resolver.aws.ConfigClusterResolver - Resolving eureka endpoints via configuration
2019-06-04 20:55:24.924 [AsyncResolver-bootstrap-executor-0] INFO  c.n.d.shared.resolver.aws.ConfigClusterResolver - Resolving eureka endpoints via configuration
2019-06-04 21:00:24.925 [AsyncResolver-bootstrap-executor-0] INFO  c.n.d.shared.resolver.aws.ConfigClusterResolver - Resolving eureka endpoints via configuration
2019-06-04 21:05:24.927 [AsyncResolver-bootstrap-executor-0] INFO  c.n.d.shared.resolver.aws.ConfigClusterResolver - Resolving eureka endpoints via configuration
2019-06-04 21:10:24.929 [AsyncResolver-bootstrap-executor-0] INFO  c.n.d.shared.resolver.aws.ConfigClusterResolver - Resolving eureka endpoints via configuration
2019-06-04 21:15:24.930 [AsyncResolver-bootstrap-executor-0] INFO  c.n.d.shared.resolver.aws.ConfigClusterResolver - Resolving eureka endpoints via configuration
2019-06-04 21:20:24.934 [AsyncResolver-bootstrap-executor-0] INFO  c.n.d.shared.resolver.aws.ConfigClusterResolver - Resolving eureka endpoints via configuration
2019-06-04 21:25:24.935 [AsyncResolver-bootstrap-executor-0] INFO  c.n.d.shared.resolver.aws.ConfigClusterResolver - Resolving eureka endpoints via configuration
2019-06-04 21:30:24.937 [AsyncResolver-bootstrap-executor-0] INFO  c.n.d.shared.resolver.aws.ConfigClusterResolver - Resolving eureka endpoints via configuration
2019-06-04 21:35:24.939 [AsyncResolver-bootstrap-executor-0] INFO  c.n.d.shared.resolver.aws.ConfigClusterResolver - Resolving eureka endpoints via configuration
