2019-06-04 19:28:43.125 [main] INFO  o.s.c.a.AnnotationConfigApplicationContext - Refreshing org.springframework.context.annotation.AnnotationConfigApplicationContext@a514af7: startup date [Tue Jun 04 19:28:43 CST 2019]; root of context hierarchy
2019-06-04 19:28:43.572 [main] INFO  o.s.b.f.a.AutowiredAnnotationBeanPostProcessor - JSR-330 'javax.inject.Inject' annotation found and supported for autowiring
2019-06-04 19:28:43.578 [background-preinit] INFO  org.hibernate.validator.internal.util.Version - HV000001: Hibernate Validator 5.3.6.Final
2019-06-04 19:28:43.637 [main] INFO  o.s.c.s.PostProcessorRegistrationDelegate$BeanPostProcessorChecker - Bean 'configurationPropertiesRebinderAutoConfiguration' of type [org.springframework.cloud.autoconfigure.ConfigurationPropertiesRebinderAutoConfiguration$$EnhancerBySpringCGLIB$$d12ac107] is not eligible for getting processed by all BeanPostProcessors (for example: not eligible for auto-proxying)
2019-06-04 19:28:45.367 [main] INFO  o.s.c.c.client.ConfigServicePropertySourceLocator - Fetching config from server at: http://localhost:8888
2019-06-04 19:28:46.600 [main] WARN  o.s.c.c.client.ConfigServicePropertySourceLocator - Could not locate PropertySource: I/O error on GET request for "http://localhost:8888/eureka-provider/default": Connection refused: connect; nested exception is java.net.ConnectException: Connection refused: connect
2019-06-04 19:28:46.601 [main] INFO  com.serendipity.EurekaApplication - No active profile set, falling back to default profiles: default
2019-06-04 19:28:46.617 [main] INFO  o.s.b.c.e.AnnotationConfigEmbeddedWebApplicationContext - Refreshing org.springframework.boot.context.embedded.AnnotationConfigEmbeddedWebApplicationContext@49872d67: startup date [Tue Jun 04 19:28:46 CST 2019]; parent: org.springframework.context.annotation.AnnotationConfigApplicationContext@a514af7
2019-06-04 19:28:47.400 [main] INFO  o.springframework.cloud.context.scope.GenericScope - BeanFactory id=d36eb31c-e51d-3f5c-9914-b22da4abeba4
2019-06-04 19:28:47.426 [main] INFO  o.s.b.f.a.AutowiredAnnotationBeanPostProcessor - JSR-330 'javax.inject.Inject' annotation found and supported for autowiring
2019-06-04 19:28:47.577 [main] INFO  o.s.c.s.PostProcessorRegistrationDelegate$BeanPostProcessorChecker - Bean 'org.springframework.cloud.autoconfigure.ConfigurationPropertiesRebinderAutoConfiguration' of type [org.springframework.cloud.autoconfigure.ConfigurationPropertiesRebinderAutoConfiguration$$EnhancerBySpringCGLIB$$d12ac107] is not eligible for getting processed by all BeanPostProcessors (for example: not eligible for auto-proxying)
2019-06-04 19:28:48.240 [main] INFO  o.s.b.c.e.tomcat.TomcatEmbeddedServletContainer - Tomcat initialized with port(s): 9090 (http)
2019-06-04 19:28:48.263 [main] INFO  org.apache.coyote.http11.Http11NioProtocol - Initializing ProtocolHandler ["http-nio-9090"]
2019-06-04 19:28:48.281 [main] INFO  org.apache.catalina.core.StandardService - Starting service [Tomcat]
2019-06-04 19:28:48.284 [main] INFO  org.apache.catalina.core.StandardEngine - Starting Servlet Engine: Apache Tomcat/8.5.31
2019-06-04 19:28:48.493 [localhost-startStop-1] INFO  o.a.c.core.ContainerBase.[Tomcat].[localhost].[/] - Initializing Spring embedded WebApplicationContext
2019-06-04 19:28:48.496 [localhost-startStop-1] INFO  org.springframework.web.context.ContextLoader - Root WebApplicationContext: initialization completed in 1879 ms
2019-06-04 19:28:48.686 [localhost-startStop-1] INFO  o.s.boot.web.servlet.ServletRegistrationBean - Mapping servlet: 'dispatcherServlet' to [/]
2019-06-04 19:28:48.690 [localhost-startStop-1] INFO  o.s.boot.web.servlet.FilterRegistrationBean - Mapping filter: 'characterEncodingFilter' to: [/*]
2019-06-04 19:28:48.690 [localhost-startStop-1] INFO  o.s.boot.web.servlet.FilterRegistrationBean - Mapping filter: 'hiddenHttpMethodFilter' to: [/*]
2019-06-04 19:28:48.693 [localhost-startStop-1] INFO  o.s.boot.web.servlet.FilterRegistrationBean - Mapping filter: 'httpPutFormContentFilter' to: [/*]
2019-06-04 19:28:48.693 [localhost-startStop-1] INFO  o.s.boot.web.servlet.FilterRegistrationBean - Mapping filter: 'requestContextFilter' to: [/*]
2019-06-04 19:28:50.237 [main] INFO  org.springframework.cloud.commons.util.InetUtils - Cannot determine local hostname
2019-06-04 19:28:50.745 [main] WARN  com.netflix.config.sources.URLConfigurationSource - No URLs will be polled as dynamic configuration sources.
2019-06-04 19:28:50.745 [main] INFO  com.netflix.config.sources.URLConfigurationSource - To enable URLs as dynamic configuration sources, define System property archaius.configurationSource.additionalUrls or make config.properties available on classpath.
2019-06-04 19:28:50.760 [main] WARN  com.netflix.config.sources.URLConfigurationSource - No URLs will be polled as dynamic configuration sources.
2019-06-04 19:28:50.762 [main] INFO  com.netflix.config.sources.URLConfigurationSource - To enable URLs as dynamic configuration sources, define System property archaius.configurationSource.additionalUrls or make config.properties available on classpath.
2019-06-04 19:28:51.080 [main] INFO  o.s.w.s.m.m.a.RequestMappingHandlerAdapter - Looking for @ControllerAdvice: org.springframework.boot.context.embedded.AnnotationConfigEmbeddedWebApplicationContext@49872d67: startup date [Tue Jun 04 19:28:46 CST 2019]; parent: org.springframework.context.annotation.AnnotationConfigApplicationContext@a514af7
2019-06-04 19:28:51.231 [main] INFO  o.s.w.s.m.m.a.RequestMappingHandlerMapping - Mapped "{[/user]}" onto public java.util.List<com.serendipity.pojo.User> com.serendipity.controller.UsersController.getUsers()
2019-06-04 19:28:51.327 [main] INFO  o.s.w.s.m.m.a.RequestMappingHandlerMapping - Mapped "{[/error]}" onto public org.springframework.http.ResponseEntity<java.util.Map<java.lang.String, java.lang.Object>> org.springframework.boot.autoconfigure.web.BasicErrorController.error(javax.servlet.http.HttpServletRequest)
2019-06-04 19:28:51.332 [main] INFO  o.s.w.s.m.m.a.RequestMappingHandlerMapping - Mapped "{[/error],produces=[text/html]}" onto public org.springframework.web.servlet.ModelAndView org.springframework.boot.autoconfigure.web.BasicErrorController.errorHtml(javax.servlet.http.HttpServletRequest,javax.servlet.http.HttpServletResponse)
2019-06-04 19:28:51.519 [main] INFO  o.s.web.servlet.handler.SimpleUrlHandlerMapping - Mapped URL path [/webjars/**] onto handler of type [class org.springframework.web.servlet.resource.ResourceHttpRequestHandler]
2019-06-04 19:28:51.519 [main] INFO  o.s.web.servlet.handler.SimpleUrlHandlerMapping - Mapped URL path [/**] onto handler of type [class org.springframework.web.servlet.resource.ResourceHttpRequestHandler]
2019-06-04 19:28:51.628 [main] INFO  o.s.web.servlet.handler.SimpleUrlHandlerMapping - Mapped URL path [/**/favicon.ico] onto handler of type [class org.springframework.web.servlet.resource.ResourceHttpRequestHandler]
2019-06-04 19:28:52.466 [main] INFO  o.s.jmx.export.annotation.AnnotationMBeanExporter - Registering beans for JMX exposure on startup
2019-06-04 19:28:52.502 [main] INFO  o.s.jmx.export.annotation.AnnotationMBeanExporter - Bean with name 'environmentManager' has been autodetected for JMX exposure
2019-06-04 19:28:52.506 [main] INFO  o.s.jmx.export.annotation.AnnotationMBeanExporter - Bean with name 'configurationPropertiesRebinder' has been autodetected for JMX exposure
2019-06-04 19:28:52.509 [main] INFO  o.s.jmx.export.annotation.AnnotationMBeanExporter - Bean with name 'refreshScope' has been autodetected for JMX exposure
2019-06-04 19:28:52.513 [main] INFO  o.s.jmx.export.annotation.AnnotationMBeanExporter - Located managed bean 'environmentManager': registering with JMX server as MBean [org.springframework.cloud.context.environment:name=environmentManager,type=EnvironmentManager]
2019-06-04 19:28:52.551 [main] INFO  o.s.jmx.export.annotation.AnnotationMBeanExporter - Located managed bean 'refreshScope': registering with JMX server as MBean [org.springframework.cloud.context.scope.refresh:name=refreshScope,type=RefreshScope]
2019-06-04 19:28:52.577 [main] INFO  o.s.jmx.export.annotation.AnnotationMBeanExporter - Located managed bean 'configurationPropertiesRebinder': registering with JMX server as MBean [org.springframework.cloud.context.properties:name=configurationPropertiesRebinder,context=49872d67,type=ConfigurationPropertiesRebinder]
2019-06-04 19:28:52.774 [main] INFO  o.s.context.support.DefaultLifecycleProcessor - Starting beans in phase 0
2019-06-04 19:28:52.790 [main] INFO  o.s.cloud.netflix.eureka.InstanceInfoFactory - Setting initial instance status as: STARTING
2019-06-04 19:28:52.933 [main] INFO  com.netflix.discovery.DiscoveryClient - Initializing Eureka in region us-east-1
2019-06-04 19:28:53.964 [main] INFO  c.n.discovery.provider.DiscoveryJerseyProvider - Using JSON encoding codec LegacyJacksonJson
2019-06-04 19:28:53.965 [main] INFO  c.n.discovery.provider.DiscoveryJerseyProvider - Using JSON decoding codec LegacyJacksonJson
2019-06-04 19:28:54.191 [main] INFO  c.n.discovery.provider.DiscoveryJerseyProvider - Using XML encoding codec XStreamXml
2019-06-04 19:28:54.191 [main] INFO  c.n.discovery.provider.DiscoveryJerseyProvider - Using XML decoding codec XStreamXml
2019-06-04 19:28:54.497 [main] INFO  c.n.d.shared.resolver.aws.ConfigClusterResolver - Resolving eureka endpoints via configuration
2019-06-04 19:28:54.845 [main] INFO  com.netflix.discovery.DiscoveryClient - Disable delta property : false
2019-06-04 19:28:54.845 [main] INFO  com.netflix.discovery.DiscoveryClient - Single vip registry refresh property : null
2019-06-04 19:28:54.845 [main] INFO  com.netflix.discovery.DiscoveryClient - Force full registry fetch : false
2019-06-04 19:28:54.845 [main] INFO  com.netflix.discovery.DiscoveryClient - Application is null : false
2019-06-04 19:28:54.845 [main] INFO  com.netflix.discovery.DiscoveryClient - Registered Applications size is zero : true
2019-06-04 19:28:54.845 [main] INFO  com.netflix.discovery.DiscoveryClient - Application version is -1: true
2019-06-04 19:28:54.845 [main] INFO  com.netflix.discovery.DiscoveryClient - Getting all instance registry info from the eureka server
2019-06-04 19:28:55.091 [main] INFO  com.netflix.discovery.DiscoveryClient - The response status is 200
2019-06-04 19:28:55.094 [main] INFO  com.netflix.discovery.DiscoveryClient - Starting heartbeat executor: renew interval is: 30
2019-06-04 19:28:55.094 [main] INFO  com.netflix.discovery.InstanceInfoReplicator - InstanceInfoReplicator onDemand update allowed rate per min is 4
2019-06-04 19:28:55.102 [main] INFO  com.netflix.discovery.DiscoveryClient - Discovery Client initialized at timestamp 1559647735102 with initial instances count: 4
2019-06-04 19:28:55.137 [main] INFO  o.s.c.n.e.serviceregistry.EurekaServiceRegistry - Registering application eureka-provider with eureka with status UP
2019-06-04 19:28:55.141 [main] INFO  com.netflix.discovery.DiscoveryClient - Saw local status change event StatusChangeEvent [timestamp=1559647735141, current=UP, previous=STARTING]
2019-06-04 19:28:55.141 [DiscoveryClient-InstanceInfoReplicator-0] INFO  com.netflix.discovery.DiscoveryClient - DiscoveryClient_EUREKA-PROVIDER/localhost:eureka-provider:9090: registering service...
2019-06-04 19:28:55.161 [main] INFO  org.apache.coyote.http11.Http11NioProtocol - Starting ProtocolHandler ["http-nio-9090"]
2019-06-04 19:28:55.211 [DiscoveryClient-InstanceInfoReplicator-0] INFO  com.netflix.discovery.DiscoveryClient - DiscoveryClient_EUREKA-PROVIDER/localhost:eureka-provider:9090 - registration status: 204
2019-06-04 19:28:55.215 [main] INFO  org.apache.tomcat.util.net.NioSelectorPool - Using a shared selector for servlet write/read
2019-06-04 19:28:55.239 [main] INFO  o.s.b.c.e.tomcat.TomcatEmbeddedServletContainer - Tomcat started on port(s): 9090 (http)
2019-06-04 19:28:55.239 [main] INFO  o.s.c.n.e.s.EurekaAutoServiceRegistration - Updating port to 9090
2019-06-04 19:28:55.246 [main] INFO  com.serendipity.EurekaApplication - Started EurekaApplication in 13.818 seconds (JVM running for 14.541)
2019-06-04 19:33:54.849 [AsyncResolver-bootstrap-executor-0] INFO  c.n.d.shared.resolver.aws.ConfigClusterResolver - Resolving eureka endpoints via configuration
2019-06-04 20:00:06.227 [main] INFO  o.s.c.a.AnnotationConfigApplicationContext - Refreshing org.springframework.context.annotation.AnnotationConfigApplicationContext@a514af7: startup date [Tue Jun 04 20:00:06 CST 2019]; root of context hierarchy
2019-06-04 20:00:06.534 [main] INFO  o.s.b.f.a.AutowiredAnnotationBeanPostProcessor - JSR-330 'javax.inject.Inject' annotation found and supported for autowiring
2019-06-04 20:00:06.600 [main] INFO  o.s.c.s.PostProcessorRegistrationDelegate$BeanPostProcessorChecker - Bean 'configurationPropertiesRebinderAutoConfiguration' of type [org.springframework.cloud.autoconfigure.ConfigurationPropertiesRebinderAutoConfiguration$$EnhancerBySpringCGLIB$$d12ac107] is not eligible for getting processed by all BeanPostProcessors (for example: not eligible for auto-proxying)
2019-06-04 20:00:06.617 [background-preinit] INFO  org.hibernate.validator.internal.util.Version - HV000001: Hibernate Validator 5.3.6.Final
2019-06-04 20:00:08.270 [main] INFO  o.s.c.c.client.ConfigServicePropertySourceLocator - Fetching config from server at: http://localhost:8888
2019-06-04 20:00:09.356 [main] WARN  o.s.c.c.client.ConfigServicePropertySourceLocator - Could not locate PropertySource: I/O error on GET request for "http://localhost:8888/eureka-provider/default": Connection refused: connect; nested exception is java.net.ConnectException: Connection refused: connect
2019-06-04 20:00:09.358 [main] INFO  com.serendipity.EurekaApplication - No active profile set, falling back to default profiles: default
2019-06-04 20:00:09.372 [main] INFO  o.s.b.c.e.AnnotationConfigEmbeddedWebApplicationContext - Refreshing org.springframework.boot.context.embedded.AnnotationConfigEmbeddedWebApplicationContext@4b2a01d4: startup date [Tue Jun 04 20:00:09 CST 2019]; parent: org.springframework.context.annotation.AnnotationConfigApplicationContext@a514af7
2019-06-04 20:00:09.991 [main] INFO  o.springframework.cloud.context.scope.GenericScope - BeanFactory id=d36eb31c-e51d-3f5c-9914-b22da4abeba4
2019-06-04 20:00:10.002 [main] INFO  o.s.b.f.a.AutowiredAnnotationBeanPostProcessor - JSR-330 'javax.inject.Inject' annotation found and supported for autowiring
2019-06-04 20:00:10.043 [main] INFO  o.s.c.s.PostProcessorRegistrationDelegate$BeanPostProcessorChecker - Bean 'org.springframework.cloud.autoconfigure.ConfigurationPropertiesRebinderAutoConfiguration' of type [org.springframework.cloud.autoconfigure.ConfigurationPropertiesRebinderAutoConfiguration$$EnhancerBySpringCGLIB$$d12ac107] is not eligible for getting processed by all BeanPostProcessors (for example: not eligible for auto-proxying)
2019-06-04 20:00:10.507 [main] INFO  o.s.b.c.e.tomcat.TomcatEmbeddedServletContainer - Tomcat initialized with port(s): 9090 (http)
2019-06-04 20:00:10.527 [main] INFO  org.apache.coyote.http11.Http11NioProtocol - Initializing ProtocolHandler ["http-nio-9090"]
2019-06-04 20:00:10.541 [main] INFO  org.apache.catalina.core.StandardService - Starting service [Tomcat]
2019-06-04 20:00:10.542 [main] INFO  org.apache.catalina.core.StandardEngine - Starting Servlet Engine: Apache Tomcat/8.5.31
2019-06-04 20:00:10.723 [localhost-startStop-1] INFO  o.a.c.core.ContainerBase.[Tomcat].[localhost].[/] - Initializing Spring embedded WebApplicationContext
2019-06-04 20:00:10.723 [localhost-startStop-1] INFO  org.springframework.web.context.ContextLoader - Root WebApplicationContext: initialization completed in 1351 ms
2019-06-04 20:00:10.870 [localhost-startStop-1] INFO  o.s.boot.web.servlet.ServletRegistrationBean - Mapping servlet: 'dispatcherServlet' to [/]
2019-06-04 20:00:10.874 [localhost-startStop-1] INFO  o.s.boot.web.servlet.FilterRegistrationBean - Mapping filter: 'characterEncodingFilter' to: [/*]
2019-06-04 20:00:10.882 [localhost-startStop-1] INFO  o.s.boot.web.servlet.FilterRegistrationBean - Mapping filter: 'hiddenHttpMethodFilter' to: [/*]
2019-06-04 20:00:10.882 [localhost-startStop-1] INFO  o.s.boot.web.servlet.FilterRegistrationBean - Mapping filter: 'httpPutFormContentFilter' to: [/*]
2019-06-04 20:00:10.883 [localhost-startStop-1] INFO  o.s.boot.web.servlet.FilterRegistrationBean - Mapping filter: 'requestContextFilter' to: [/*]
2019-06-04 20:00:12.161 [main] INFO  org.springframework.cloud.commons.util.InetUtils - Cannot determine local hostname
2019-06-04 20:00:12.366 [main] WARN  com.netflix.config.sources.URLConfigurationSource - No URLs will be polled as dynamic configuration sources.
2019-06-04 20:00:12.366 [main] INFO  com.netflix.config.sources.URLConfigurationSource - To enable URLs as dynamic configuration sources, define System property archaius.configurationSource.additionalUrls or make config.properties available on classpath.
2019-06-04 20:00:12.381 [main] WARN  com.netflix.config.sources.URLConfigurationSource - No URLs will be polled as dynamic configuration sources.
2019-06-04 20:00:12.381 [main] INFO  com.netflix.config.sources.URLConfigurationSource - To enable URLs as dynamic configuration sources, define System property archaius.configurationSource.additionalUrls or make config.properties available on classpath.
2019-06-04 20:00:12.583 [main] INFO  o.s.w.s.m.m.a.RequestMappingHandlerAdapter - Looking for @ControllerAdvice: org.springframework.boot.context.embedded.AnnotationConfigEmbeddedWebApplicationContext@4b2a01d4: startup date [Tue Jun 04 20:00:09 CST 2019]; parent: org.springframework.context.annotation.AnnotationConfigApplicationContext@a514af7
2019-06-04 20:00:12.669 [main] INFO  o.s.w.s.m.m.a.RequestMappingHandlerMapping - Mapped "{[/user]}" onto public java.util.List<com.serendipity.pojo.User> com.serendipity.controller.UsersController.getUsers()
2019-06-04 20:00:12.673 [main] INFO  o.s.w.s.m.m.a.RequestMappingHandlerMapping - Mapped "{[/error]}" onto public org.springframework.http.ResponseEntity<java.util.Map<java.lang.String, java.lang.Object>> org.springframework.boot.autoconfigure.web.BasicErrorController.error(javax.servlet.http.HttpServletRequest)
2019-06-04 20:00:12.674 [main] INFO  o.s.w.s.m.m.a.RequestMappingHandlerMapping - Mapped "{[/error],produces=[text/html]}" onto public org.springframework.web.servlet.ModelAndView org.springframework.boot.autoconfigure.web.BasicErrorController.errorHtml(javax.servlet.http.HttpServletRequest,javax.servlet.http.HttpServletResponse)
2019-06-04 20:00:12.719 [main] INFO  o.s.web.servlet.handler.SimpleUrlHandlerMapping - Mapped URL path [/webjars/**] onto handler of type [class org.springframework.web.servlet.resource.ResourceHttpRequestHandler]
2019-06-04 20:00:12.719 [main] INFO  o.s.web.servlet.handler.SimpleUrlHandlerMapping - Mapped URL path [/**] onto handler of type [class org.springframework.web.servlet.resource.ResourceHttpRequestHandler]
2019-06-04 20:00:12.764 [main] INFO  o.s.web.servlet.handler.SimpleUrlHandlerMapping - Mapped URL path [/**/favicon.ico] onto handler of type [class org.springframework.web.servlet.resource.ResourceHttpRequestHandler]
2019-06-04 20:00:13.167 [main] INFO  o.s.jmx.export.annotation.AnnotationMBeanExporter - Registering beans for JMX exposure on startup
2019-06-04 20:00:13.177 [main] INFO  o.s.jmx.export.annotation.AnnotationMBeanExporter - Bean with name 'environmentManager' has been autodetected for JMX exposure
2019-06-04 20:00:13.179 [main] INFO  o.s.jmx.export.annotation.AnnotationMBeanExporter - Bean with name 'configurationPropertiesRebinder' has been autodetected for JMX exposure
2019-06-04 20:00:13.180 [main] INFO  o.s.jmx.export.annotation.AnnotationMBeanExporter - Bean with name 'refreshScope' has been autodetected for JMX exposure
2019-06-04 20:00:13.182 [main] INFO  o.s.jmx.export.annotation.AnnotationMBeanExporter - Located managed bean 'environmentManager': registering with JMX server as MBean [org.springframework.cloud.context.environment:name=environmentManager,type=EnvironmentManager]
2019-06-04 20:00:13.196 [main] INFO  o.s.jmx.export.annotation.AnnotationMBeanExporter - Located managed bean 'refreshScope': registering with JMX server as MBean [org.springframework.cloud.context.scope.refresh:name=refreshScope,type=RefreshScope]
2019-06-04 20:00:13.206 [main] INFO  o.s.jmx.export.annotation.AnnotationMBeanExporter - Located managed bean 'configurationPropertiesRebinder': registering with JMX server as MBean [org.springframework.cloud.context.properties:name=configurationPropertiesRebinder,context=4b2a01d4,type=ConfigurationPropertiesRebinder]
2019-06-04 20:00:13.373 [main] INFO  o.s.context.support.DefaultLifecycleProcessor - Starting beans in phase 0
2019-06-04 20:00:13.386 [main] INFO  o.s.cloud.netflix.eureka.InstanceInfoFactory - Setting initial instance status as: STARTING
2019-06-04 20:00:13.464 [main] INFO  com.netflix.discovery.DiscoveryClient - Initializing Eureka in region us-east-1
2019-06-04 20:00:13.987 [main] INFO  c.n.discovery.provider.DiscoveryJerseyProvider - Using JSON encoding codec LegacyJacksonJson
2019-06-04 20:00:13.987 [main] INFO  c.n.discovery.provider.DiscoveryJerseyProvider - Using JSON decoding codec LegacyJacksonJson
2019-06-04 20:00:14.172 [main] INFO  c.n.discovery.provider.DiscoveryJerseyProvider - Using XML encoding codec XStreamXml
2019-06-04 20:00:14.173 [main] INFO  c.n.discovery.provider.DiscoveryJerseyProvider - Using XML decoding codec XStreamXml
2019-06-04 20:00:14.490 [main] INFO  c.n.d.shared.resolver.aws.ConfigClusterResolver - Resolving eureka endpoints via configuration
2019-06-04 20:00:14.753 [main] INFO  com.netflix.discovery.DiscoveryClient - Disable delta property : false
2019-06-04 20:00:14.753 [main] INFO  com.netflix.discovery.DiscoveryClient - Single vip registry refresh property : null
2019-06-04 20:00:14.753 [main] INFO  com.netflix.discovery.DiscoveryClient - Force full registry fetch : false
2019-06-04 20:00:14.753 [main] INFO  com.netflix.discovery.DiscoveryClient - Application is null : false
2019-06-04 20:00:14.753 [main] INFO  com.netflix.discovery.DiscoveryClient - Registered Applications size is zero : true
2019-06-04 20:00:14.753 [main] INFO  com.netflix.discovery.DiscoveryClient - Application version is -1: true
2019-06-04 20:00:14.753 [main] INFO  com.netflix.discovery.DiscoveryClient - Getting all instance registry info from the eureka server
2019-06-04 20:00:14.969 [main] INFO  com.netflix.discovery.DiscoveryClient - The response status is 200
2019-06-04 20:00:14.973 [main] INFO  com.netflix.discovery.DiscoveryClient - Starting heartbeat executor: renew interval is: 30
2019-06-04 20:00:14.978 [main] INFO  com.netflix.discovery.InstanceInfoReplicator - InstanceInfoReplicator onDemand update allowed rate per min is 4
2019-06-04 20:00:14.983 [main] INFO  com.netflix.discovery.DiscoveryClient - Discovery Client initialized at timestamp 1559649614982 with initial instances count: 4
2019-06-04 20:00:15.038 [main] INFO  o.s.c.n.e.serviceregistry.EurekaServiceRegistry - Registering application eureka-provider with eureka with status UP
2019-06-04 20:00:15.039 [main] INFO  com.netflix.discovery.DiscoveryClient - Saw local status change event StatusChangeEvent [timestamp=1559649615039, current=UP, previous=STARTING]
2019-06-04 20:00:15.054 [DiscoveryClient-InstanceInfoReplicator-0] INFO  com.netflix.discovery.DiscoveryClient - DiscoveryClient_EUREKA-PROVIDER/localhost:eureka-provider:9090: registering service...
2019-06-04 20:00:15.075 [main] INFO  org.apache.coyote.http11.Http11NioProtocol - Starting ProtocolHandler ["http-nio-9090"]
2019-06-04 20:00:15.132 [main] INFO  org.apache.tomcat.util.net.NioSelectorPool - Using a shared selector for servlet write/read
2019-06-04 20:00:15.133 [DiscoveryClient-InstanceInfoReplicator-0] INFO  com.netflix.discovery.DiscoveryClient - DiscoveryClient_EUREKA-PROVIDER/localhost:eureka-provider:9090 - registration status: 204
2019-06-04 20:00:15.155 [main] INFO  o.s.b.c.e.tomcat.TomcatEmbeddedServletContainer - Tomcat started on port(s): 9090 (http)
2019-06-04 20:00:15.156 [main] INFO  o.s.c.n.e.s.EurekaAutoServiceRegistration - Updating port to 9090
2019-06-04 20:00:15.163 [main] INFO  com.serendipity.EurekaApplication - Started EurekaApplication in 10.49 seconds (JVM running for 11.008)
2019-06-04 20:00:56.950 [http-nio-9090-exec-6] INFO  o.a.c.core.ContainerBase.[Tomcat].[localhost].[/] - Initializing Spring FrameworkServlet 'dispatcherServlet'
2019-06-04 20:00:56.950 [http-nio-9090-exec-6] INFO  org.springframework.web.servlet.DispatcherServlet - FrameworkServlet 'dispatcherServlet': initialization started
2019-06-04 20:00:56.989 [http-nio-9090-exec-6] INFO  org.springframework.web.servlet.DispatcherServlet - FrameworkServlet 'dispatcherServlet': initialization completed in 39 ms
2019-06-04 20:05:14.755 [AsyncResolver-bootstrap-executor-0] INFO  c.n.d.shared.resolver.aws.ConfigClusterResolver - Resolving eureka endpoints via configuration
2019-06-04 20:10:14.758 [AsyncResolver-bootstrap-executor-0] INFO  c.n.d.shared.resolver.aws.ConfigClusterResolver - Resolving eureka endpoints via configuration
2019-06-04 20:15:14.760 [AsyncResolver-bootstrap-executor-0] INFO  c.n.d.shared.resolver.aws.ConfigClusterResolver - Resolving eureka endpoints via configuration
2019-06-04 20:20:14.761 [AsyncResolver-bootstrap-executor-0] INFO  c.n.d.shared.resolver.aws.ConfigClusterResolver - Resolving eureka endpoints via configuration
2019-06-04 20:25:14.761 [AsyncResolver-bootstrap-executor-0] INFO  c.n.d.shared.resolver.aws.ConfigClusterResolver - Resolving eureka endpoints via configuration
2019-06-04 20:30:14.765 [AsyncResolver-bootstrap-executor-0] INFO  c.n.d.shared.resolver.aws.ConfigClusterResolver - Resolving eureka endpoints via configuration
2019-06-04 20:35:14.767 [AsyncResolver-bootstrap-executor-0] INFO  c.n.d.shared.resolver.aws.ConfigClusterResolver - Resolving eureka endpoints via configuration
2019-06-04 20:40:14.771 [AsyncResolver-bootstrap-executor-0] INFO  c.n.d.shared.resolver.aws.ConfigClusterResolver - Resolving eureka endpoints via configuration
2019-06-04 20:45:14.773 [AsyncResolver-bootstrap-executor-0] INFO  c.n.d.shared.resolver.aws.ConfigClusterResolver - Resolving eureka endpoints via configuration
2019-06-04 20:50:14.776 [AsyncResolver-bootstrap-executor-0] INFO  c.n.d.shared.resolver.aws.ConfigClusterResolver - Resolving eureka endpoints via configuration
2019-06-04 20:55:14.779 [AsyncResolver-bootstrap-executor-0] INFO  c.n.d.shared.resolver.aws.ConfigClusterResolver - Resolving eureka endpoints via configuration
2019-06-04 21:00:14.780 [AsyncResolver-bootstrap-executor-0] INFO  c.n.d.shared.resolver.aws.ConfigClusterResolver - Resolving eureka endpoints via configuration
2019-06-04 21:05:14.781 [AsyncResolver-bootstrap-executor-0] INFO  c.n.d.shared.resolver.aws.ConfigClusterResolver - Resolving eureka endpoints via configuration
2019-06-04 21:10:14.783 [AsyncResolver-bootstrap-executor-0] INFO  c.n.d.shared.resolver.aws.ConfigClusterResolver - Resolving eureka endpoints via configuration
2019-06-04 21:15:14.785 [AsyncResolver-bootstrap-executor-0] INFO  c.n.d.shared.resolver.aws.ConfigClusterResolver - Resolving eureka endpoints via configuration
2019-06-04 21:20:14.787 [AsyncResolver-bootstrap-executor-0] INFO  c.n.d.shared.resolver.aws.ConfigClusterResolver - Resolving eureka endpoints via configuration
2019-06-04 21:25:14.788 [AsyncResolver-bootstrap-executor-0] INFO  c.n.d.shared.resolver.aws.ConfigClusterResolver - Resolving eureka endpoints via configuration
2019-06-04 21:30:14.789 [AsyncResolver-bootstrap-executor-0] INFO  c.n.d.shared.resolver.aws.ConfigClusterResolver - Resolving eureka endpoints via configuration
2019-06-04 21:35:14.790 [AsyncResolver-bootstrap-executor-0] INFO  c.n.d.shared.resolver.aws.ConfigClusterResolver - Resolving eureka endpoints via configuration
